\BOOKMARK [1][-]{section.1}{\376\377\122\115\212\000}{}% 1
\BOOKMARK [1][-]{section.2}{\376\377\174\373\176\374\164\006\213\272\166\204\127\372\147\054\123\237\164\006}{}% 2
\BOOKMARK [2][-]{subsection.2.1}{\376\377\122\030\176\364\134\024\133\232\164\006}{section.2}% 3
\BOOKMARK [2][-]{subsection.2.2}{\376\377\122\006\136\003\121\375\145\160}{section.2}% 4
\BOOKMARK [2][-]{subsection.2.3}{\376\377\137\256\153\143\122\031\174\373\176\374}{section.2}% 5
\BOOKMARK [3][-]{subsubsection.2.3.1}{\376\377\133\371\160\355\122\233\133\146\166\204\123\315\140\035}{subsection.2.3}% 6
\BOOKMARK [3][-]{subsubsection.2.3.2}{\376\377\137\256\153\143\122\031\174\373\176\374\166\204\170\024\172\166\145\271\154\325}{subsection.2.3}% 7
\BOOKMARK [2][-]{subsection.2.4}{\376\377\176\317\121\170\164\006\140\363\154\024\117\123}{section.2}% 8
\BOOKMARK [3][-]{subsubsection.2.4.1}{\376\377\116\000\116\233\166\364\211\311}{subsection.2.4}% 9
\BOOKMARK [3][-]{subsubsection.2.4.2}{\376\377\000\040\166\204\213\241\173\227}{subsection.2.4}% 10
\BOOKMARK [2][-]{subsection.2.5}{\376\377\140\073\176\323}{section.2}% 11
\BOOKMARK [1][-]{section.3}{\376\377\153\143\122\031\174\373\176\374}{}% 12
\BOOKMARK [2][-]{subsection.3.1}{\376\377\153\143\122\031\122\006\136\003\147\000\151\202\161\066\145\271\154\325}{section.3}% 13
\BOOKMARK [2][-]{subsection.3.2}{\376\377\176\337\213\241\221\317\166\204\162\151\164\006\124\053\116\111}{section.3}% 14
\BOOKMARK [3][-]{subsubsection.3.2.1}{\376\377\153\143\122\031\174\373\176\374\166\204\170\024\172\166\145\271\154\325}{subsection.3.2}% 15
\BOOKMARK [3][-]{subsubsection.3.2.2}{\376\377\200\375\221\317\166\204\155\250\204\075}{subsection.3.2}% 16
\BOOKMARK [2][-]{subsection.3.3}{\376\377\221\115\122\006\121\375\145\160\166\204\140\047\215\050}{section.3}% 17
\BOOKMARK [3][-]{subsubsection.3.3.1}{\376\377\137\256\211\302\140\001\116\016\166\370\172\172\225\364}{subsection.3.3}% 18
\BOOKMARK [3][-]{subsubsection.3.3.2}{\376\377\145\340\121\163\200\124\174\373\176\337\166\204\221\115\122\006\121\375\145\160}{subsection.3.3}% 19
\BOOKMARK [2][-]{subsection.3.4}{\376\377\117\115\122\233\133\232\164\006}{section.3}% 20
\BOOKMARK [2][-]{subsection.3.5}{\376\377\121\167\117\123\174\373\176\337}{section.3}% 21
\BOOKMARK [3][-]{subsubsection.3.5.1}{\376\377\176\317\121\170\164\006\140\363\154\024\117\123}{subsection.3.5}% 22
\BOOKMARK [3][-]{subsubsection.3.5.2}{\376\377\166\370\133\371\213\272\164\006\140\363\154\024\117\123}{subsection.3.5}% 23
\BOOKMARK [3][-]{subsubsection.3.5.3}{\376\377\214\020\143\057\133\120\174\373\176\337}{subsection.3.5}% 24
\BOOKMARK [3][-]{subsubsection.3.5.4}{\376\377\230\172\170\301\140\047\166\204\176\337\213\241\164\006\213\272}{subsection.3.5}% 25
\BOOKMARK [2][-]{subsection.3.6}{\376\377\140\073\176\323}{section.3}% 26
\BOOKMARK [2][-]{subsection.3.7}{}{section.3}% 27
\BOOKMARK [1][-]{section.4}{\376\377\226\104\137\125}{}% 28
\BOOKMARK [2][-]{subsection.4.1}{\376\377\145\340\172\167\134\017\153\143\122\031\123\330\143\142\166\204\210\114\122\027\137\017\166\204\176\335\133\371\120\074\173\111\116\216\000\040\0001}{section.4}% 29
